[0.689s] DEBUG:colcon:Command line arguments: ['/usr/bin/colcon', 'build']
[0.689s] DEBUG:colcon:Parsed command line arguments: Namespace(log_base=None, log_level=None, verb_name='build', build_base='build', install_base='install', merge_install=False, symlink_install=False, test_result_base=None, continue_on_error=False, executor='parallel', parallel_workers=16, event_handlers=None, ignore_user_meta=False, metas=['./colcon.meta'], base_paths=['.'], packages_ignore=None, packages_ignore_regex=None, paths=None, packages_up_to=None, packages_up_to_regex=None, packages_above=None, packages_above_and_dependencies=None, packages_above_depth=None, packages_select_by_dep=None, packages_skip_by_dep=None, packages_skip_up_to=None, packages_select_build_failed=False, packages_skip_build_finished=False, packages_select_test_failures=False, packages_skip_test_passed=False, packages_select=None, packages_skip=None, packages_select_regex=None, packages_skip_regex=None, packages_start=None, packages_end=None, allow_overriding=[], cmake_args=None, cmake_target=None, cmake_target_skip_unavailable=False, cmake_clean_cache=False, cmake_clean_first=False, cmake_force_configure=False, ament_cmake_args=None, catkin_cmake_args=None, catkin_skip_building_tests=False, verb_parser=<colcon_defaults.argument_parser.defaults.DefaultArgumentsDecorator object at 0x7959e9072180>, verb_extension=<colcon_core.verb.build.BuildVerb object at 0x7959e9192120>, main=<bound method BuildVerb.main of <colcon_core.verb.build.BuildVerb object at 0x7959e9192120>>)
[0.852s] Level 1:colcon.colcon_core.package_discovery:discover_packages(colcon_meta) check parameters
[0.853s] Level 1:colcon.colcon_core.package_discovery:discover_packages(recursive) check parameters
[0.853s] Level 1:colcon.colcon_core.package_discovery:discover_packages(ignore) check parameters
[0.853s] Level 1:colcon.colcon_core.package_discovery:discover_packages(path) check parameters
[0.853s] Level 1:colcon.colcon_core.package_discovery:discover_packages(colcon_meta) discover
[0.853s] Level 1:colcon.colcon_core.package_discovery:discover_packages(recursive) discover
[0.853s] INFO:colcon.colcon_core.package_discovery:Crawling recursively for packages in '/home/yunseo/ros2_ws/src/my_robot'
[0.853s] Level 1:colcon.colcon_core.package_identification:_identify(.) by extensions ['ignore', 'ignore_ament_install']
[0.853s] Level 1:colcon.colcon_core.package_identification:_identify(.) by extension 'ignore'
[0.853s] Level 1:colcon.colcon_core.package_identification:_identify(.) by extension 'ignore_ament_install'
[0.854s] Level 1:colcon.colcon_core.package_identification:_identify(.) by extensions ['colcon_pkg']
[0.854s] Level 1:colcon.colcon_core.package_identification:_identify(.) by extension 'colcon_pkg'
[0.854s] Level 1:colcon.colcon_core.package_identification:_identify(.) by extensions ['colcon_meta']
[0.854s] Level 1:colcon.colcon_core.package_identification:_identify(.) by extension 'colcon_meta'
[0.854s] Level 1:colcon.colcon_core.package_identification:_identify(.) by extensions ['ros']
[0.854s] Level 1:colcon.colcon_core.package_identification:_identify(.) by extension 'ros'
[0.923s] DEBUG:colcon.colcon_core.package_identification:Package '.' with type 'ros.ament_python' and name 'my_robot'
[0.923s] Level 1:colcon.colcon_core.package_discovery:discover_packages(recursive) using defaults
[0.923s] Level 1:colcon.colcon_core.package_discovery:discover_packages(ignore) discover
[0.923s] Level 1:colcon.colcon_core.package_discovery:discover_packages(ignore) using defaults
[0.923s] Level 1:colcon.colcon_core.package_discovery:discover_packages(path) discover
[0.923s] Level 1:colcon.colcon_core.package_discovery:discover_packages(path) using defaults
[0.971s] Level 1:colcon.colcon_core.package_discovery:discover_packages(prefix_path) check parameters
[0.972s] Level 1:colcon.colcon_core.package_discovery:discover_packages(prefix_path) discover
[0.983s] DEBUG:colcon.colcon_installed_package_information.package_discovery:Found 1 installed packages in /home/yunseo/ros2_ws/install
[0.987s] DEBUG:colcon.colcon_installed_package_information.package_discovery:Found 287 installed packages in /opt/ros/jazzy
[0.989s] Level 1:colcon.colcon_core.package_discovery:discover_packages(prefix_path) using defaults
[1.220s] Level 5:colcon.colcon_core.verb:set package 'my_robot' build argument 'cmake_args' from command line to 'None'
[1.220s] Level 5:colcon.colcon_core.verb:set package 'my_robot' build argument 'cmake_target' from command line to 'None'
[1.220s] Level 5:colcon.colcon_core.verb:set package 'my_robot' build argument 'cmake_target_skip_unavailable' from command line to 'False'
[1.220s] Level 5:colcon.colcon_core.verb:set package 'my_robot' build argument 'cmake_clean_cache' from command line to 'False'
[1.220s] Level 5:colcon.colcon_core.verb:set package 'my_robot' build argument 'cmake_clean_first' from command line to 'False'
[1.220s] Level 5:colcon.colcon_core.verb:set package 'my_robot' build argument 'cmake_force_configure' from command line to 'False'
[1.220s] Level 5:colcon.colcon_core.verb:set package 'my_robot' build argument 'ament_cmake_args' from command line to 'None'
[1.221s] Level 5:colcon.colcon_core.verb:set package 'my_robot' build argument 'catkin_cmake_args' from command line to 'None'
[1.221s] Level 5:colcon.colcon_core.verb:set package 'my_robot' build argument 'catkin_skip_building_tests' from command line to 'False'
[1.221s] DEBUG:colcon.colcon_core.verb:Building package 'my_robot' with the following arguments: {'ament_cmake_args': None, 'build_base': '/home/yunseo/ros2_ws/src/my_robot/build/my_robot', 'catkin_cmake_args': None, 'catkin_skip_building_tests': False, 'cmake_args': None, 'cmake_clean_cache': False, 'cmake_clean_first': False, 'cmake_force_configure': False, 'cmake_target': None, 'cmake_target_skip_unavailable': False, 'install_base': '/home/yunseo/ros2_ws/src/my_robot/install/my_robot', 'merge_install': False, 'path': '/home/yunseo/ros2_ws/src/my_robot', 'symlink_install': False, 'test_result_base': None}
[1.221s] INFO:colcon.colcon_core.executor:Executing jobs using 'parallel' executor
[1.223s] DEBUG:colcon.colcon_parallel_executor.executor.parallel:run_until_complete
[1.223s] INFO:colcon.colcon_ros.task.ament_python.build:Building ROS package in '/home/yunseo/ros2_ws/src/my_robot' with build type 'ament_python'
[1.224s] Level 1:colcon.colcon_core.shell:create_environment_hook('my_robot', 'ament_prefix_path')
[1.238s] INFO:colcon.colcon_core.plugin_system:Skipping extension 'colcon_core.shell.bat': Not used on non-Windows systems
[1.239s] INFO:colcon.colcon_core.shell:Creating environment hook '/home/yunseo/ros2_ws/src/my_robot/install/my_robot/share/my_robot/hook/ament_prefix_path.ps1'
[1.243s] INFO:colcon.colcon_core.shell:Creating environment descriptor '/home/yunseo/ros2_ws/src/my_robot/install/my_robot/share/my_robot/hook/ament_prefix_path.dsv'
[1.245s] INFO:colcon.colcon_core.shell:Creating environment hook '/home/yunseo/ros2_ws/src/my_robot/install/my_robot/share/my_robot/hook/ament_prefix_path.sh'
[1.248s] INFO:colcon.colcon_core.shell:Skip shell extension 'powershell' for command environment: Not usable outside of PowerShell
[1.248s] DEBUG:colcon.colcon_core.shell:Skip shell extension 'dsv' for command environment
[1.551s] INFO:colcon.colcon_core.task.python.build:Building Python package in '/home/yunseo/ros2_ws/src/my_robot'
[1.552s] INFO:colcon.colcon_core.shell:Skip shell extension 'powershell' for command environment: Not usable outside of PowerShell
[1.552s] DEBUG:colcon.colcon_core.shell:Skip shell extension 'dsv' for command environment
[3.281s] DEBUG:colcon.colcon_core.event_handler.log_command:Invoking command in '/home/yunseo/ros2_ws/src/my_robot': PYTHONPATH=/home/yunseo/ros2_ws/src/my_robot/build/my_robot/prefix_override:/usr/lib/python3/dist-packages/colcon_core/task/python/colcon_distutils_commands:/home/yunseo/ros2_ws/src/my_robot/install/my_robot/lib/python3.12/site-packages:${PYTHONPATH} /usr/bin/python3 -W ignore:setup.py install is deprecated -W ignore:easy_install command is deprecated setup.py egg_info --egg-base build/my_robot build --build-base /home/yunseo/ros2_ws/src/my_robot/build/my_robot/build install --record /home/yunseo/ros2_ws/src/my_robot/build/my_robot/install.log --single-version-externally-managed install_data
[3.849s] DEBUG:colcon.colcon_core.event_handler.log_command:Invoked command in '/home/yunseo/ros2_ws/src/my_robot' returned '0': PYTHONPATH=/home/yunseo/ros2_ws/src/my_robot/build/my_robot/prefix_override:/usr/lib/python3/dist-packages/colcon_core/task/python/colcon_distutils_commands:/home/yunseo/ros2_ws/src/my_robot/install/my_robot/lib/python3.12/site-packages:${PYTHONPATH} /usr/bin/python3 -W ignore:setup.py install is deprecated -W ignore:easy_install command is deprecated setup.py egg_info --egg-base build/my_robot build --build-base /home/yunseo/ros2_ws/src/my_robot/build/my_robot/build install --record /home/yunseo/ros2_ws/src/my_robot/build/my_robot/install.log --single-version-externally-managed install_data
[3.875s] Level 1:colcon.colcon_core.environment:checking '/home/yunseo/ros2_ws/src/my_robot/install/my_robot' for CMake module files
[3.875s] Level 1:colcon.colcon_core.environment:checking '/home/yunseo/ros2_ws/src/my_robot/install/my_robot' for CMake config files
[3.876s] Level 1:colcon.colcon_core.environment:checking '/home/yunseo/ros2_ws/src/my_robot/install/my_robot/lib'
[3.876s] Level 1:colcon.colcon_core.environment:checking '/home/yunseo/ros2_ws/src/my_robot/install/my_robot/bin'
[3.877s] Level 1:colcon.colcon_core.environment:checking '/home/yunseo/ros2_ws/src/my_robot/install/my_robot/lib/pkgconfig/my_robot.pc'
[3.877s] Level 1:colcon.colcon_core.environment:checking '/home/yunseo/ros2_ws/src/my_robot/install/my_robot/lib/python3.12/site-packages'
[3.877s] Level 1:colcon.colcon_core.shell:create_environment_hook('my_robot', 'pythonpath')
[3.877s] INFO:colcon.colcon_core.shell:Creating environment hook '/home/yunseo/ros2_ws/src/my_robot/install/my_robot/share/my_robot/hook/pythonpath.ps1'
[3.878s] INFO:colcon.colcon_core.shell:Creating environment descriptor '/home/yunseo/ros2_ws/src/my_robot/install/my_robot/share/my_robot/hook/pythonpath.dsv'
[3.878s] INFO:colcon.colcon_core.shell:Creating environment hook '/home/yunseo/ros2_ws/src/my_robot/install/my_robot/share/my_robot/hook/pythonpath.sh'
[3.880s] Level 1:colcon.colcon_core.environment:checking '/home/yunseo/ros2_ws/src/my_robot/install/my_robot/bin'
[3.880s] Level 1:colcon.colcon_core.environment:create_environment_scripts_only(my_robot)
[3.880s] INFO:colcon.colcon_core.shell:Creating package script '/home/yunseo/ros2_ws/src/my_robot/install/my_robot/share/my_robot/package.ps1'
[3.882s] INFO:colcon.colcon_core.shell:Creating package descriptor '/home/yunseo/ros2_ws/src/my_robot/install/my_robot/share/my_robot/package.dsv'
[3.884s] INFO:colcon.colcon_core.shell:Creating package script '/home/yunseo/ros2_ws/src/my_robot/install/my_robot/share/my_robot/package.sh'
[3.886s] INFO:colcon.colcon_core.shell:Creating package script '/home/yunseo/ros2_ws/src/my_robot/install/my_robot/share/my_robot/package.bash'
[3.887s] INFO:colcon.colcon_core.shell:Creating package script '/home/yunseo/ros2_ws/src/my_robot/install/my_robot/share/my_robot/package.zsh'
[3.889s] Level 1:colcon.colcon_core.environment:create_file_with_runtime_dependencies(/home/yunseo/ros2_ws/src/my_robot/install/my_robot/share/colcon-core/packages/my_robot)
[3.890s] DEBUG:colcon.colcon_parallel_executor.executor.parallel:closing loop
[3.891s] DEBUG:colcon.colcon_parallel_executor.executor.parallel:loop closed
[3.891s] DEBUG:colcon.colcon_parallel_executor.executor.parallel:run_until_complete finished with '0'
[3.891s] DEBUG:colcon.colcon_core.event_reactor:joining thread
[4.130s] INFO:colcon.colcon_core.plugin_system:Skipping extension 'colcon_notification.desktop_notification.notify_send': Could not find 'notify-send'
[4.130s] INFO:colcon.colcon_core.plugin_system:Skipping extension 'colcon_notification.desktop_notification.terminal_notifier': Not used on non-Darwin systems
[4.130s] INFO:colcon.colcon_core.plugin_system:Skipping extension 'colcon_notification.desktop_notification.win32': Not used on non-Windows systems
[4.130s] INFO:colcon.colcon_notification.desktop_notification:Sending desktop notification using 'notify2'
[4.146s] DEBUG:colcon.colcon_notification.desktop_notification.notify2:Failed to initialize notify2: org.freedesktop.DBus.Error.ServiceUnknown: The name org.freedesktop.Notifications was not provided by any .service files
[4.146s] DEBUG:colcon.colcon_core.event_reactor:joined thread
[4.146s] INFO:colcon.colcon_core.shell:Creating prefix script '/home/yunseo/ros2_ws/src/my_robot/install/local_setup.ps1'
[4.149s] INFO:colcon.colcon_core.shell:Creating prefix util module '/home/yunseo/ros2_ws/src/my_robot/install/_local_setup_util_ps1.py'
[4.151s] INFO:colcon.colcon_core.shell:Creating prefix chain script '/home/yunseo/ros2_ws/src/my_robot/install/setup.ps1'
[4.154s] INFO:colcon.colcon_core.shell:Creating prefix script '/home/yunseo/ros2_ws/src/my_robot/install/local_setup.sh'
[4.156s] INFO:colcon.colcon_core.shell:Creating prefix util module '/home/yunseo/ros2_ws/src/my_robot/install/_local_setup_util_sh.py'
[4.157s] INFO:colcon.colcon_core.shell:Creating prefix chain script '/home/yunseo/ros2_ws/src/my_robot/install/setup.sh'
[4.159s] INFO:colcon.colcon_core.shell:Creating prefix script '/home/yunseo/ros2_ws/src/my_robot/install/local_setup.bash'
[4.161s] INFO:colcon.colcon_core.shell:Creating prefix chain script '/home/yunseo/ros2_ws/src/my_robot/install/setup.bash'
[4.164s] INFO:colcon.colcon_core.shell:Creating prefix script '/home/yunseo/ros2_ws/src/my_robot/install/local_setup.zsh'
[4.166s] INFO:colcon.colcon_core.shell:Creating prefix chain script '/home/yunseo/ros2_ws/src/my_robot/install/setup.zsh'
